<?xml version="1.0" encoding="UTF-8"?>
<!-- Generated by org.testng.reporters.JUnitXMLReporter -->
<testsuite hostname="DESKTOP-UT791JM" ignored="1" name="Car Loan" tests="2" failures="0" timestamp="2021-12-06T21:22:21 IST" time="0.012" errors="0">
  <testcase name="LoginAPICar" time="0.002" classname="testng.testng3"/>
  <testcase name="WebLoginCar" time="0.002" classname="testng.testng3"/>
  <testcase name="MobileLoginCar" time="0.0" classname="testng.testng3">
    <ignored/>
  </testcase> <!-- MobileLoginCar -->
</testsuite> <!-- Car Loan -->
