<?xml version="1.0" encoding="UTF-8"?>
<!-- Generated by org.testng.reporters.JUnitXMLReporter -->
<testsuite hostname="DESKTOP-UT791JM" ignored="2" name="Home Loan" tests="1" failures="0" timestamp="2021-12-06T21:22:21 IST" time="0.008" errors="0">
  <testcase name="LoginAPIHomeLoan" time="0.003" classname="testng.testng4"/>
  <testcase name="MobileLoginHomeLoan" time="0.0" classname="testng.testng4">
    <ignored/>
  </testcase> <!-- MobileLoginHomeLoan -->
  <testcase name="WebLoginHomeLoan" time="0.0" classname="testng.testng4">
    <ignored/>
  </testcase> <!-- WebLoginHomeLoan -->
</testsuite> <!-- Home Loan -->
