<?xml version="1.0" encoding="UTF-8"?>
<!-- Generated by org.testng.reporters.JUnitXMLReporter -->
<testsuite hostname="DESKTOP-UT791JM" ignored="0" name="Personal Loan" tests="3" failures="0" timestamp="2021-12-06T21:22:21 IST" time="0.082" errors="0">
  <testcase name="firsttestcase" time="0.013" classname="testng.testng1"/>
  <testcase name="secondtestcase" time="0.002" classname="testng.testng1"/>
  <testcase name="thirdtestcase" time="0.002" classname="testng.testng2"/>
</testsuite> <!-- Personal Loan -->
