<?xml version="1.0" encoding="UTF-8"?>
<!-- Generated by org.testng.reporters.JUnitXMLReporter -->
<testsuite hostname="DESKTOP-UT791JM" ignored="0" name="Personasl Loan" tests="6" failures="0" timestamp="2021-12-05T13:38:29 IST" time="0.113" errors="0">
  <testcase name="firsttestcase" time="0.016" classname="testng.testng1"/>
  <testcase name="secondtestcase" time="0.0" classname="testng.testng1"/>
  <testcase name="thirdtestcase" time="0.0" classname="testng.testng2"/>
  <testcase name="LoginAPI" time="0.0" classname="testng.testng3"/>
  <testcase name="MobileLogin" time="0.0" classname="testng.testng3"/>
  <testcase name="WebLogin" time="0.0" classname="testng.testng3"/>
</testsuite> <!-- Personasl Loan -->
